{
  "stats": {
    "suites": 1,
    "tests": 1,
    "passes": 0,
    "pending": 0,
    "failures": 1,
    "start": "2023-11-15T13:49:22.034Z",
    "end": "2023-11-15T13:49:25.269Z",
    "duration": 3235,
    "testsRegistered": 1,
    "passPercent": 0,
    "pendingPercent": 0,
    "other": 0,
    "hasOther": false,
    "skipped": 0,
    "hasSkipped": false
  },
  "results": [
    {
      "uuid": "7c779a55-d27a-479a-97b3-22986421bd90",
      "title": "",
      "fullFile": "D:\\Calisto\\Analista de QA\\Portfólio\\SeleniumWithJavaScrypt\\orangeHRM\\test\\loginFunctionality.js",
      "file": "\\test\\loginFunctionality.js",
      "beforeHooks": [],
      "afterHooks": [],
      "tests": [],
      "suites": [
        {
          "uuid": "176e0fa0-c130-4156-b3b7-6f5980d615be",
          "title": "loginFunctionality",
          "fullFile": "D:\\Calisto\\Analista de QA\\Portfólio\\SeleniumWithJavaScrypt\\orangeHRM\\test\\loginFunctionality.js",
          "file": "\\test\\loginFunctionality.js",
          "beforeHooks": [],
          "afterHooks": [],
          "tests": [
            {
              "title": "TC01_loginSuccessfully",
              "fullTitle": "loginFunctionality TC01_loginSuccessfully",
              "timedOut": null,
              "duration": 2617,
              "state": "failed",
              "speed": null,
              "pass": false,
              "fail": true,
              "pending": false,
              "context": null,
              "code": "//Driver para o navegador\nlet driver = await new Builder().forBrowser(\"chrome\").build();\n//Acessar o site\nawait driver.get(\"https://opensource-demo.orangehrmlive.com/web/index.php/auth/login\");\n//Digitar o username:\"Admin\"\nawait driver.findElement(By.linkText(\"Username\")).sendKeys(\"Admin\")\n//Digitar o password:\"admin123\"\nawait driver.findElement(By.xpath(\"/html/body/div/div[1]/div/div[1]/div/div[2]/div[2]/form/div[2]/div/div[2]/input\")).sendKeys(\"admin123\")\n//Clicar no botão login\nawait driver.findElement(By.xpath(\"/html/body/div/div[1]/div/div[1]/div/div[2]/div[2]/form/div[3]/button\")).click();\n//Assertion - Verificar se o login foi realizado com sucesso\nlet dashboardText = await driver.findElement(By.xpath(\"/html/body/div/div[1]/div[1]/header/div[1]/div[1]/span/h6\")).getText().then(function(value){return value })\ndashboardText.should.equal(\"Dashboard\")",
              "err": {
                "message": "NoSuchElementError: no such element: Unable to locate element: {\"method\":\"link text\",\"selector\":\"Username\"}\n  (Session info: chrome=119.0.6045.124)",
                "estack": "NoSuchElementError: no such element: Unable to locate element: {\"method\":\"link text\",\"selector\":\"Username\"}\n  (Session info: chrome=119.0.6045.124)\n    at Object.throwDecodedError (node_modules\\selenium-webdriver\\lib\\error.js:524:15)\n    at parseHttpResponse (node_modules\\selenium-webdriver\\lib\\http.js:601:13)\n    at Executor.execute (node_modules\\selenium-webdriver\\lib\\http.js:529:28)\n    at process.processTicksAndRejections (node:internal/process/task_queues:95:5)\n    at async Driver.execute (node_modules\\selenium-webdriver\\lib\\webdriver.js:745:17)\n    at async toWireValue (node_modules\\selenium-webdriver\\lib\\webdriver.js:145:15)\n    at async D:\\Calisto\\Analista de QA\\Portfólio\\SeleniumWithJavaScrypt\\orangeHRM\\node_modules\\selenium-webdriver\\lib\\webdriver.js:195:16\n    at async forEachKey (node_modules\\selenium-webdriver\\lib\\webdriver.js:189:9)\n    at async convertKeys (node_modules\\selenium-webdriver\\lib\\webdriver.js:194:3)\n    at async Driver.execute (node_modules\\selenium-webdriver\\lib\\webdriver.js:743:22)",
                "diff": null
              },
              "uuid": "aac69010-8203-47c8-9162-e3c825ea38d5",
              "parentUUID": null,
              "isHook": false,
              "skipped": false
            }
          ],
          "suites": [],
          "passes": [],
          "failures": [
            "aac69010-8203-47c8-9162-e3c825ea38d5"
          ],
          "pending": [],
          "skipped": [],
          "duration": 2617,
          "root": false,
          "rootEmpty": false,
          "_timeout": null
        }
      ],
      "passes": [],
      "failures": [],
      "pending": [],
      "skipped": [],
      "duration": 0,
      "root": true,
      "rootEmpty": true,
      "_timeout": 0
    }
  ],
  "meta": {
    "mocha": {
      "version": "10.2.0"
    },
    "mochawesome": {
      "options": {
        "quiet": false,
        "reportFilename": "mochawesome",
        "saveHtml": true,
        "saveJson": true,
        "consoleReporter": "spec",
        "useInlineDiffs": false,
        "code": true
      },
      "version": "7.1.3"
    },
    "marge": {
      "options": null,
      "version": "6.2.0"
    }
  }
}