{
  "stats": {
    "suites": 2,
    "tests": 2,
    "passes": 2,
    "pending": 0,
    "failures": 0,
    "start": "2023-11-10T20:25:32.592Z",
    "end": "2023-11-10T20:25:35.911Z",
    "duration": 3319,
    "testsRegistered": 2,
    "passPercent": 100,
    "pendingPercent": 0,
    "other": 0,
    "hasOther": false,
    "skipped": 0,
    "hasSkipped": false
  },
  "results": [
    {
      "uuid": "d7a9573c-5cb2-4f9e-9a62-cdabd601c21f",
      "title": "",
      "fullFile": "",
      "file": "",
      "beforeHooks": [],
      "afterHooks": [],
      "tests": [],
      "suites": [
        {
          "uuid": "5505d400-06f5-4707-a146-3a8cd9e9d38f",
          "title": "toDoList10Itens",
          "fullFile": "D:\\Calisto\\Analista de QA\\Portfólio\\Selenium\\javascrypt\\todolist\\test\\todolist10itens.js",
          "file": "\\javascrypt\\todolist\\test\\todolist10itens.js",
          "beforeHooks": [],
          "afterHooks": [],
          "tests": [
            {
              "title": "Adicionou a primeira tarefa com sucesso",
              "fullTitle": "toDoList10Itens Adicionou a primeira tarefa com sucesso",
              "timedOut": null,
              "duration": 2197,
              "state": "passed",
              "speed": "slow",
              "pass": true,
              "fail": false,
              "pending": false,
              "context": null,
              "code": "//Abrir o navegador;\nlet driver = await new Builder().forBrowser(\"chrome\").build(); //Pedir para o código construir um driver do navegador escolhido;\n//Navegar até o site;\nawait driver.get(\"https://lambdatest.github.io/sample-todo-app/\");\n//Adicionar uma tarefa;\nawait driver.findElement(By.id(\"sampletodotext\")).sendKeys(\"Aprender Selenium\", Key.RETURN);\n//Assertion - Verificar se adicionou a tarefa requisitada;\nlet seleniumText = await driver.findElement(By.xpath(\"/html/body/div/div/div/ul/li[6]/span\")).getText().then(function (value) {\n    return value\n});\n//Assertion Chai Should - Verificar se adicionou a tarefa requisitada;\nseleniumText.should.equal(\"Aprender Selenium\")\n//Fechar o navegador\nawait driver.close();",
              "err": {},
              "uuid": "1e12469d-3792-4c53-99b4-e5554d079595",
              "parentUUID": null,
              "isHook": false,
              "skipped": false
            }
          ],
          "suites": [],
          "passes": [
            "1e12469d-3792-4c53-99b4-e5554d079595"
          ],
          "failures": [],
          "pending": [],
          "skipped": [],
          "duration": 2197,
          "root": false,
          "rootEmpty": false,
          "_timeout": null
        },
        {
          "uuid": "6ecc9812-abbe-4e18-bc69-a5b6df491a54",
          "title": "todolist",
          "fullFile": "D:\\Calisto\\Analista de QA\\Portfólio\\Selenium\\javascrypt\\todolist\\test\\todolist.js",
          "file": "\\javascrypt\\todolist\\test\\todolist.js",
          "beforeHooks": [],
          "afterHooks": [],
          "tests": [
            {
              "title": "Adicionou a tarefa com sucesso",
              "fullTitle": "todolist Adicionou a tarefa com sucesso",
              "timedOut": null,
              "duration": 2380,
              "state": "passed",
              "speed": "slow",
              "pass": true,
              "fail": false,
              "pending": false,
              "context": null,
              "code": "//Abrir o navegador;\nlet driver = await new Builder().forBrowser(\"chrome\").build(); //Pedir para o código construir um driver do navegador escolhido;\n//Navegar até o site;\nawait driver.get(\"https://lambdatest.github.io/sample-todo-app/\");\n//Adicionar uma tarefa;\nawait driver.findElement(By.id(\"sampletodotext\")).sendKeys(\"Aprender Selenium\", Key.RETURN);\n//Assertion - Verificar se adicionou a tarefa requisitada;\nlet seleniumText = await driver.findElement(By.xpath(\"/html/body/div/div/div/ul/li[6]/span\")).getText().then(function (value) {\n    return value\n});\n//Assertion Chai Should - Verificar se adicionou a tarefa requisitada;\nseleniumText.should.equal(\"Aprender Selenium\")\n//Fechar o navegador\nawait driver.close();",
              "err": {},
              "uuid": "085a9195-b34c-45fd-a915-7b2862bbf7fc",
              "parentUUID": null,
              "isHook": false,
              "skipped": false
            }
          ],
          "suites": [],
          "passes": [
            "085a9195-b34c-45fd-a915-7b2862bbf7fc"
          ],
          "failures": [],
          "pending": [],
          "skipped": [],
          "duration": 2380,
          "root": false,
          "rootEmpty": false,
          "_timeout": null
        }
      ],
      "passes": [],
      "failures": [],
      "pending": [],
      "skipped": [],
      "duration": 0,
      "root": true,
      "rootEmpty": true,
      "_timeout": 0
    }
  ],
  "meta": {
    "mocha": {
      "version": "10.2.0"
    },
    "mochawesome": {
      "options": {
        "quiet": false,
        "reportFilename": "mochawesome",
        "saveHtml": true,
        "saveJson": true,
        "consoleReporter": "spec",
        "useInlineDiffs": false,
        "code": true
      },
      "version": "7.1.3"
    },
    "marge": {
      "options": null,
      "version": "6.2.0"
    }
  }
}